07/09/2022 06:04:09 PM    INFO    __init__  _load_stylesheet   QSS file sucessfuly loaded.
07/09/2022 06:04:09 PM    INFO    __init__  _apply_os_patches   Found OS patches to be applied.
07/09/2022 06:04:09 PM    INFO    __init__  _apply_application_patches   Found application patches to be applied.
07/09/2022 06:04:09 PM    INFO    __init__  _load_stylesheet   QSS file sucessfuly loaded.
07/09/2022 06:04:09 PM    INFO    __init__  _apply_os_patches   Found OS patches to be applied.
07/09/2022 06:04:09 PM    INFO    __init__  _apply_application_patches   Found application patches to be applied.
07/09/2022 06:04:09 PM    INFO    __init__  _load_stylesheet   QSS file sucessfuly loaded.
07/09/2022 06:04:09 PM    INFO    __init__  _apply_os_patches   Found OS patches to be applied.
07/09/2022 06:04:09 PM    INFO    __init__  _apply_application_patches   Found application patches to be applied.
07/09/2022 06:04:09 PM    INFO    __init__  _load_stylesheet   QSS file sucessfuly loaded.
07/09/2022 06:04:09 PM    INFO    __init__  _apply_os_patches   Found OS patches to be applied.
07/09/2022 06:04:09 PM    INFO    __init__  _apply_application_patches   Found application patches to be applied.
07/09/2022 06:04:09 PM    INFO    __init__  _load_stylesheet   QSS file sucessfuly loaded.
07/09/2022 06:04:09 PM    INFO    __init__  _apply_os_patches   Found OS patches to be applied.
07/09/2022 06:04:09 PM    INFO    __init__  _apply_application_patches   Found application patches to be applied.
07/09/2022 06:04:09 PM    INFO    __init__  _load_stylesheet   QSS file sucessfuly loaded.
07/09/2022 06:04:09 PM    INFO    __init__  _apply_os_patches   Found OS patches to be applied.
07/09/2022 06:04:09 PM    INFO    __init__  _apply_application_patches   Found application patches to be applied.
07/09/2022 06:04:09 PM    INFO    __init__  _load_stylesheet   QSS file sucessfuly loaded.
07/09/2022 06:04:09 PM    INFO    __init__  _apply_os_patches   Found OS patches to be applied.
07/09/2022 06:04:09 PM    INFO    __init__  _apply_application_patches   Found application patches to be applied.
07/09/2022 06:04:09 PM    INFO    __init__  _load_stylesheet   QSS file sucessfuly loaded.
07/09/2022 06:04:09 PM    INFO    __init__  _apply_os_patches   Found OS patches to be applied.
07/09/2022 06:04:09 PM    INFO    __init__  _apply_application_patches   Found application patches to be applied.
07/09/2022 06:04:10 PM    INFO    __init__  _load_stylesheet   QSS file sucessfuly loaded.
07/09/2022 06:04:10 PM    INFO    __init__  _apply_os_patches   Found OS patches to be applied.
07/09/2022 06:04:10 PM    INFO    __init__  _apply_application_patches   Found application patches to be applied.
07/09/2022 06:04:10 PM    INFO    __init__  _load_stylesheet   QSS file sucessfuly loaded.
07/09/2022 06:04:10 PM    INFO    __init__  _apply_os_patches   Found OS patches to be applied.
07/09/2022 06:04:10 PM    INFO    __init__  _apply_application_patches   Found application patches to be applied.
07/09/2022 06:04:10 PM    INFO    __init__  _load_stylesheet   QSS file sucessfuly loaded.
07/09/2022 06:04:10 PM    INFO    __init__  _apply_os_patches   Found OS patches to be applied.
07/09/2022 06:04:10 PM    INFO    __init__  _apply_application_patches   Found application patches to be applied.
07/09/2022 06:04:10 PM    INFO    __init__  _load_stylesheet   QSS file sucessfuly loaded.
07/09/2022 06:04:10 PM    INFO    __init__  _apply_os_patches   Found OS patches to be applied.
07/09/2022 06:04:10 PM    INFO    __init__  _apply_application_patches   Found application patches to be applied.
07/09/2022 06:04:10 PM    INFO    __init__  _load_stylesheet   QSS file sucessfuly loaded.
07/09/2022 06:04:10 PM    INFO    __init__  _apply_os_patches   Found OS patches to be applied.
07/09/2022 06:04:10 PM    INFO    __init__  _apply_application_patches   Found application patches to be applied.
07/09/2022 06:04:10 PM    INFO    __init__  _load_stylesheet   QSS file sucessfuly loaded.
07/09/2022 06:04:10 PM    INFO    __init__  _apply_os_patches   Found OS patches to be applied.
07/09/2022 06:04:10 PM    INFO    __init__  _apply_application_patches   Found application patches to be applied.
07/09/2022 06:04:10 PM    INFO    __init__  _load_stylesheet   QSS file sucessfuly loaded.
07/09/2022 06:04:10 PM    INFO    __init__  _apply_os_patches   Found OS patches to be applied.
07/09/2022 06:04:10 PM    INFO    __init__  _apply_application_patches   Found application patches to be applied.
07/09/2022 06:04:10 PM    INFO    __init__  _load_stylesheet   QSS file sucessfuly loaded.
07/09/2022 06:04:10 PM    INFO    __init__  _apply_os_patches   Found OS patches to be applied.
07/09/2022 06:04:10 PM    INFO    __init__  _apply_application_patches   Found application patches to be applied.
07/09/2022 06:04:10 PM    INFO    __init__  _load_stylesheet   QSS file sucessfuly loaded.
07/09/2022 06:04:10 PM    INFO    __init__  _apply_os_patches   Found OS patches to be applied.
07/09/2022 06:04:10 PM    INFO    __init__  _apply_application_patches   Found application patches to be applied.
07/09/2022 06:04:10 PM    INFO    __init__  _load_stylesheet   QSS file sucessfuly loaded.
07/09/2022 06:04:10 PM    INFO    __init__  _apply_os_patches   Found OS patches to be applied.
07/09/2022 06:04:10 PM    INFO    __init__  _apply_application_patches   Found application patches to be applied.
07/09/2022 06:04:10 PM    INFO    __init__  _load_stylesheet   QSS file sucessfuly loaded.
07/09/2022 06:04:10 PM    INFO    __init__  _apply_os_patches   Found OS patches to be applied.
07/09/2022 06:04:10 PM    INFO    __init__  _apply_application_patches   Found application patches to be applied.
07/09/2022 06:04:10 PM    INFO    __init__  _load_stylesheet   QSS file sucessfuly loaded.
07/09/2022 06:04:10 PM    INFO    __init__  _apply_os_patches   Found OS patches to be applied.
07/09/2022 06:04:10 PM    INFO    __init__  _apply_application_patches   Found application patches to be applied.
07/09/2022 06:04:10 PM    INFO    __init__  _load_stylesheet   QSS file sucessfuly loaded.
07/09/2022 06:04:10 PM    INFO    __init__  _apply_os_patches   Found OS patches to be applied.
07/09/2022 06:04:10 PM    INFO    __init__  _apply_application_patches   Found application patches to be applied.
07/09/2022 06:04:10 PM    ERROR    configReader  writeURL   name 'cst' is not defined
07/09/2022 06:04:33 PM    ERROR    servicesMD  login   
