07/12/2022 09:02:23 PM    INFO    __init__  _load_stylesheet   QSS file sucessfuly loaded.
07/12/2022 09:02:23 PM    INFO    __init__  _apply_os_patches   Found OS patches to be applied.
07/12/2022 09:02:23 PM    INFO    __init__  _apply_application_patches   Found application patches to be applied.
07/12/2022 09:02:23 PM    INFO    __init__  _load_stylesheet   QSS file sucessfuly loaded.
07/12/2022 09:02:23 PM    INFO    __init__  _apply_os_patches   Found OS patches to be applied.
07/12/2022 09:02:23 PM    INFO    __init__  _apply_application_patches   Found application patches to be applied.
07/12/2022 09:02:23 PM    INFO    __init__  _load_stylesheet   QSS file sucessfuly loaded.
07/12/2022 09:02:23 PM    INFO    __init__  _apply_os_patches   Found OS patches to be applied.
07/12/2022 09:02:23 PM    INFO    __init__  _apply_application_patches   Found application patches to be applied.
07/12/2022 09:02:23 PM    INFO    __init__  _load_stylesheet   QSS file sucessfuly loaded.
07/12/2022 09:02:23 PM    INFO    __init__  _apply_os_patches   Found OS patches to be applied.
07/12/2022 09:02:23 PM    INFO    __init__  _apply_application_patches   Found application patches to be applied.
07/12/2022 09:02:23 PM    INFO    __init__  _load_stylesheet   QSS file sucessfuly loaded.
07/12/2022 09:02:23 PM    INFO    __init__  _apply_os_patches   Found OS patches to be applied.
07/12/2022 09:02:23 PM    INFO    __init__  _apply_application_patches   Found application patches to be applied.
07/12/2022 09:02:23 PM    INFO    __init__  _load_stylesheet   QSS file sucessfuly loaded.
07/12/2022 09:02:23 PM    INFO    __init__  _apply_os_patches   Found OS patches to be applied.
07/12/2022 09:02:23 PM    INFO    __init__  _apply_application_patches   Found application patches to be applied.
07/12/2022 09:02:23 PM    INFO    __init__  _load_stylesheet   QSS file sucessfuly loaded.
07/12/2022 09:02:23 PM    INFO    __init__  _apply_os_patches   Found OS patches to be applied.
07/12/2022 09:02:23 PM    INFO    __init__  _apply_application_patches   Found application patches to be applied.
07/12/2022 09:02:23 PM    INFO    __init__  _load_stylesheet   QSS file sucessfuly loaded.
07/12/2022 09:02:23 PM    INFO    __init__  _apply_os_patches   Found OS patches to be applied.
07/12/2022 09:02:23 PM    INFO    __init__  _apply_application_patches   Found application patches to be applied.
07/12/2022 09:02:23 PM    INFO    __init__  _load_stylesheet   QSS file sucessfuly loaded.
07/12/2022 09:02:23 PM    INFO    __init__  _apply_os_patches   Found OS patches to be applied.
07/12/2022 09:02:23 PM    INFO    __init__  _apply_application_patches   Found application patches to be applied.
07/12/2022 09:02:23 PM    INFO    __init__  _load_stylesheet   QSS file sucessfuly loaded.
07/12/2022 09:02:23 PM    INFO    __init__  _apply_os_patches   Found OS patches to be applied.
07/12/2022 09:02:23 PM    INFO    __init__  _apply_application_patches   Found application patches to be applied.
07/12/2022 09:02:23 PM    INFO    __init__  _load_stylesheet   QSS file sucessfuly loaded.
07/12/2022 09:02:23 PM    INFO    __init__  _apply_os_patches   Found OS patches to be applied.
07/12/2022 09:02:23 PM    INFO    __init__  _apply_application_patches   Found application patches to be applied.
07/12/2022 09:02:23 PM    INFO    __init__  _load_stylesheet   QSS file sucessfuly loaded.
07/12/2022 09:02:23 PM    INFO    __init__  _apply_os_patches   Found OS patches to be applied.
07/12/2022 09:02:23 PM    INFO    __init__  _apply_application_patches   Found application patches to be applied.
07/12/2022 09:02:23 PM    INFO    __init__  _load_stylesheet   QSS file sucessfuly loaded.
07/12/2022 09:02:23 PM    INFO    __init__  _apply_os_patches   Found OS patches to be applied.
07/12/2022 09:02:23 PM    INFO    __init__  _apply_application_patches   Found application patches to be applied.
07/12/2022 09:02:23 PM    INFO    __init__  _load_stylesheet   QSS file sucessfuly loaded.
07/12/2022 09:02:23 PM    INFO    __init__  _apply_os_patches   Found OS patches to be applied.
07/12/2022 09:02:23 PM    INFO    __init__  _apply_application_patches   Found application patches to be applied.
07/12/2022 09:02:23 PM    INFO    __init__  _load_stylesheet   QSS file sucessfuly loaded.
07/12/2022 09:02:23 PM    INFO    __init__  _apply_os_patches   Found OS patches to be applied.
07/12/2022 09:02:23 PM    INFO    __init__  _apply_application_patches   Found application patches to be applied.
07/12/2022 09:02:23 PM    INFO    __init__  _load_stylesheet   QSS file sucessfuly loaded.
07/12/2022 09:02:23 PM    INFO    __init__  _apply_os_patches   Found OS patches to be applied.
07/12/2022 09:02:23 PM    INFO    __init__  _apply_application_patches   Found application patches to be applied.
07/12/2022 09:02:23 PM    INFO    __init__  _load_stylesheet   QSS file sucessfuly loaded.
07/12/2022 09:02:23 PM    INFO    __init__  _apply_os_patches   Found OS patches to be applied.
07/12/2022 09:02:23 PM    INFO    __init__  _apply_application_patches   Found application patches to be applied.
07/12/2022 09:02:23 PM    INFO    __init__  _load_stylesheet   QSS file sucessfuly loaded.
07/12/2022 09:02:23 PM    INFO    __init__  _apply_os_patches   Found OS patches to be applied.
07/12/2022 09:02:23 PM    INFO    __init__  _apply_application_patches   Found application patches to be applied.
07/12/2022 09:02:23 PM    INFO    __init__  _load_stylesheet   QSS file sucessfuly loaded.
07/12/2022 09:02:23 PM    INFO    __init__  _apply_os_patches   Found OS patches to be applied.
07/12/2022 09:02:23 PM    INFO    __init__  _apply_application_patches   Found application patches to be applied.
07/12/2022 09:02:23 PM    INFO    __init__  _load_stylesheet   QSS file sucessfuly loaded.
07/12/2022 09:02:23 PM    INFO    __init__  _apply_os_patches   Found OS patches to be applied.
07/12/2022 09:02:23 PM    INFO    __init__  _apply_application_patches   Found application patches to be applied.
07/12/2022 09:02:23 PM    INFO    __init__  _load_stylesheet   QSS file sucessfuly loaded.
07/12/2022 09:02:23 PM    INFO    __init__  _apply_os_patches   Found OS patches to be applied.
07/12/2022 09:02:23 PM    INFO    __init__  _apply_application_patches   Found application patches to be applied.
07/12/2022 09:02:23 PM    ERROR    configReader  writeURL   name 'cst' is not defined
07/12/2022 09:02:31 PM    ERROR    servicesMD  login   
