07/12/2022 09:03:49 PM    INFO    __init__  _load_stylesheet   QSS file sucessfuly loaded.
07/12/2022 09:03:49 PM    INFO    __init__  _apply_os_patches   Found OS patches to be applied.
07/12/2022 09:03:49 PM    INFO    __init__  _apply_application_patches   Found application patches to be applied.
07/12/2022 09:03:49 PM    INFO    __init__  _load_stylesheet   QSS file sucessfuly loaded.
07/12/2022 09:03:49 PM    INFO    __init__  _apply_os_patches   Found OS patches to be applied.
07/12/2022 09:03:49 PM    INFO    __init__  _apply_application_patches   Found application patches to be applied.
07/12/2022 09:03:49 PM    INFO    __init__  _load_stylesheet   QSS file sucessfuly loaded.
07/12/2022 09:03:49 PM    INFO    __init__  _apply_os_patches   Found OS patches to be applied.
07/12/2022 09:03:49 PM    INFO    __init__  _apply_application_patches   Found application patches to be applied.
07/12/2022 09:03:49 PM    INFO    __init__  _load_stylesheet   QSS file sucessfuly loaded.
07/12/2022 09:03:49 PM    INFO    __init__  _apply_os_patches   Found OS patches to be applied.
07/12/2022 09:03:49 PM    INFO    __init__  _apply_application_patches   Found application patches to be applied.
07/12/2022 09:03:49 PM    INFO    __init__  _load_stylesheet   QSS file sucessfuly loaded.
07/12/2022 09:03:49 PM    INFO    __init__  _apply_os_patches   Found OS patches to be applied.
07/12/2022 09:03:49 PM    INFO    __init__  _apply_application_patches   Found application patches to be applied.
07/12/2022 09:03:49 PM    INFO    __init__  _load_stylesheet   QSS file sucessfuly loaded.
07/12/2022 09:03:49 PM    INFO    __init__  _apply_os_patches   Found OS patches to be applied.
07/12/2022 09:03:49 PM    INFO    __init__  _apply_application_patches   Found application patches to be applied.
07/12/2022 09:03:49 PM    INFO    __init__  _load_stylesheet   QSS file sucessfuly loaded.
07/12/2022 09:03:49 PM    INFO    __init__  _apply_os_patches   Found OS patches to be applied.
07/12/2022 09:03:49 PM    INFO    __init__  _apply_application_patches   Found application patches to be applied.
07/12/2022 09:03:49 PM    INFO    __init__  _load_stylesheet   QSS file sucessfuly loaded.
07/12/2022 09:03:49 PM    INFO    __init__  _apply_os_patches   Found OS patches to be applied.
07/12/2022 09:03:49 PM    INFO    __init__  _apply_application_patches   Found application patches to be applied.
07/12/2022 09:03:49 PM    INFO    __init__  _load_stylesheet   QSS file sucessfuly loaded.
07/12/2022 09:03:49 PM    INFO    __init__  _apply_os_patches   Found OS patches to be applied.
07/12/2022 09:03:49 PM    INFO    __init__  _apply_application_patches   Found application patches to be applied.
07/12/2022 09:03:49 PM    INFO    __init__  _load_stylesheet   QSS file sucessfuly loaded.
07/12/2022 09:03:49 PM    INFO    __init__  _apply_os_patches   Found OS patches to be applied.
07/12/2022 09:03:49 PM    INFO    __init__  _apply_application_patches   Found application patches to be applied.
07/12/2022 09:03:49 PM    INFO    __init__  _load_stylesheet   QSS file sucessfuly loaded.
07/12/2022 09:03:49 PM    INFO    __init__  _apply_os_patches   Found OS patches to be applied.
07/12/2022 09:03:49 PM    INFO    __init__  _apply_application_patches   Found application patches to be applied.
07/12/2022 09:03:49 PM    INFO    __init__  _load_stylesheet   QSS file sucessfuly loaded.
07/12/2022 09:03:49 PM    INFO    __init__  _apply_os_patches   Found OS patches to be applied.
07/12/2022 09:03:49 PM    INFO    __init__  _apply_application_patches   Found application patches to be applied.
07/12/2022 09:03:49 PM    INFO    __init__  _load_stylesheet   QSS file sucessfuly loaded.
07/12/2022 09:03:49 PM    INFO    __init__  _apply_os_patches   Found OS patches to be applied.
07/12/2022 09:03:49 PM    INFO    __init__  _apply_application_patches   Found application patches to be applied.
07/12/2022 09:03:49 PM    INFO    __init__  _load_stylesheet   QSS file sucessfuly loaded.
07/12/2022 09:03:49 PM    INFO    __init__  _apply_os_patches   Found OS patches to be applied.
07/12/2022 09:03:49 PM    INFO    __init__  _apply_application_patches   Found application patches to be applied.
07/12/2022 09:03:49 PM    INFO    __init__  _load_stylesheet   QSS file sucessfuly loaded.
07/12/2022 09:03:49 PM    INFO    __init__  _apply_os_patches   Found OS patches to be applied.
07/12/2022 09:03:49 PM    INFO    __init__  _apply_application_patches   Found application patches to be applied.
07/12/2022 09:03:49 PM    INFO    __init__  _load_stylesheet   QSS file sucessfuly loaded.
07/12/2022 09:03:49 PM    INFO    __init__  _apply_os_patches   Found OS patches to be applied.
07/12/2022 09:03:49 PM    INFO    __init__  _apply_application_patches   Found application patches to be applied.
07/12/2022 09:03:49 PM    INFO    __init__  _load_stylesheet   QSS file sucessfuly loaded.
07/12/2022 09:03:49 PM    INFO    __init__  _apply_os_patches   Found OS patches to be applied.
07/12/2022 09:03:49 PM    INFO    __init__  _apply_application_patches   Found application patches to be applied.
07/12/2022 09:03:49 PM    INFO    __init__  _load_stylesheet   QSS file sucessfuly loaded.
07/12/2022 09:03:49 PM    INFO    __init__  _apply_os_patches   Found OS patches to be applied.
07/12/2022 09:03:49 PM    INFO    __init__  _apply_application_patches   Found application patches to be applied.
07/12/2022 09:03:49 PM    INFO    __init__  _load_stylesheet   QSS file sucessfuly loaded.
07/12/2022 09:03:49 PM    INFO    __init__  _apply_os_patches   Found OS patches to be applied.
07/12/2022 09:03:49 PM    INFO    __init__  _apply_application_patches   Found application patches to be applied.
07/12/2022 09:03:50 PM    INFO    __init__  _load_stylesheet   QSS file sucessfuly loaded.
07/12/2022 09:03:50 PM    INFO    __init__  _apply_os_patches   Found OS patches to be applied.
07/12/2022 09:03:50 PM    INFO    __init__  _apply_application_patches   Found application patches to be applied.
07/12/2022 09:03:50 PM    INFO    __init__  _load_stylesheet   QSS file sucessfuly loaded.
07/12/2022 09:03:50 PM    INFO    __init__  _apply_os_patches   Found OS patches to be applied.
07/12/2022 09:03:50 PM    INFO    __init__  _apply_application_patches   Found application patches to be applied.
07/12/2022 09:03:50 PM    ERROR    configReader  writeURL   name 'cst' is not defined
07/12/2022 09:03:52 PM    INFO    servicesMD  login   {"type":"success","code":"e-response-0010","description":"Provided Valid Credentials","result":{"token":"eyJhbGciOiJIUzI1NiIsInR5cCI6IkpXVCJ9.eyJ1c2VySUQiOiJBMDExOV9lYTE5N2UzMTQ0YjM4MTg5OWM2OTI3IiwicHVibGljS2V5IjoiZWExOTdlMzE0NGIzODE4OTljNjkyNyIsImlhdCI6MTY1NzY0MDAzMiwiZXhwIjoxNjU3NzI2NDMyfQ.3nvQPKo6nT6P6rZmVgFPHlb3kJi6y2rygv5veHYX0_g","userID":"A0119","appVersion":"4.0.7"}}
07/12/2022 09:03:54 PM    INFO    client  _connect_websocket   Attempting WebSocket connection to ws://192.168.102.22:3000/interactive/socket.io/?token=eyJhbGciOiJIUzI1NiIsInR5cCI6IkpXVCJ9.eyJ1c2VySUQiOiJBMDExOV9CMjcwNDI0RjIyNDdENTJCMDA2ODQwIiwicHVibGljS2V5IjoiYjI3MDQyNGYyMjQ3ZDUyYjAwNjg0MCIsImlhdCI6MTY1NzY0MDAzNCwiZXhwIjoxNjU3NzI2NDM0fQ.lTSrzZU-_fUfZy8QvoTzHYTCnyusvzI_8EN6T29fb0Y&userID=A0119&apiType=INTERACTIVE&transport=websocket&EIO=3
07/12/2022 09:03:54 PM    INFO    client  _connect_websocket   WebSocket connection accepted with {'sid': 'AqoWh5_acLtzN-0qAAH2', 'upgrades': [], 'pingInterval': 25000, 'pingTimeout': 5000}
07/12/2022 09:03:54 PM    INFO    client  _handle_eio_connect   Engine.IO connection established
07/12/2022 09:03:54 PM    INFO    client  _send_packet   Sending packet PING data None
07/12/2022 09:03:54 PM    INFO    client  _receive_packet   Received packet MESSAGE data 0
07/12/2022 09:03:54 PM    INFO    client  _handle_connect   Namespace / is connected
07/12/2022 09:03:54 PM    INFO    client  _receive_packet   Received packet MESSAGE data 2["joined","{\"type\":\"success\",\"code\":\"s-socket-0001\",\"description\":\"Socket joined successfully!\"}"]
07/12/2022 09:03:54 PM    INFO    interactiveApi  on_connect   Interactive socket connected successfully!1111111
07/12/2022 09:03:54 PM    INFO    client  _handle_event   Received event "joined" [/]
07/12/2022 09:03:54 PM    INFO    interactiveApi  on_joined   {"type":"success","code":"s-socket-0001","description":"Socket joined successfully!"}
07/12/2022 09:03:54 PM    INFO    client  _connect_websocket   Attempting WebSocket connection to ws://192.168.102.22:3000/marketdata/socket.io/?token=eyJhbGciOiJIUzI1NiIsInR5cCI6IkpXVCJ9.eyJ1c2VySUQiOiJBMDExOV9lYTE5N2UzMTQ0YjM4MTg5OWM2OTI3IiwicHVibGljS2V5IjoiZWExOTdlMzE0NGIzODE4OTljNjkyNyIsImlhdCI6MTY1NzY0MDAzMiwiZXhwIjoxNjU3NzI2NDMyfQ.3nvQPKo6nT6P6rZmVgFPHlb3kJi6y2rygv5veHYX0_g&userID=A0119&publishFormat=JSON&broadcastMode=Partial&transport=websocket&EIO=3
07/12/2022 09:03:54 PM    INFO    client  _receive_packet   Received packet PONG data None
07/12/2022 09:03:54 PM    INFO    client  _connect_websocket   WebSocket connection accepted with {'sid': 'xgcANXpRY-MR9cbQAAYG', 'upgrades': [], 'pingInterval': 25000, 'pingTimeout': 5000}
07/12/2022 09:03:54 PM    INFO    client  _handle_eio_connect   Engine.IO connection established
07/12/2022 09:03:54 PM    INFO    client  _send_packet   Sending packet PING data None
07/12/2022 09:03:54 PM    INFO    client  _receive_packet   Received packet MESSAGE data 0
07/12/2022 09:03:54 PM    INFO    client  _handle_connect   Namespace / is connected
07/12/2022 09:03:54 PM    INFO    marketData  on_connect   Market Data Socket connected successfully!
07/12/2022 09:03:54 PM    INFO    client  _receive_packet   Received packet MESSAGE data 2["joined","{\"type\":\"success\",\"code\":\"s-socket-0001\",\"description\":\"Socket joined successfully! SocketId=xgcANXpRY-MR9cbQAAYG\"}"]
07/12/2022 09:03:54 PM    INFO    client  _handle_event   Received event "joined" [/]
07/12/2022 09:03:54 PM    INFO    marketData  on_join   Market Data Socket join!{"type":"success","code":"s-socket-0001","description":"Socket joined successfully! SocketId=xgcANXpRY-MR9cbQAAYG"}
07/12/2022 09:03:54 PM    INFO    client  _receive_packet   Received packet PONG data None
07/12/2022 09:03:56 PM    INFO    servicesMD  subscribeToken   {"type":"success","code":"s-session-0001","description":"Instrument subscribed successfully!","result":{"mdp":1501,"quotesList":[{"exchangeSegment":1,"exchangeInstrumentID":26000}],"listQuotes":[],"Remaining_Subscription_Count":9998}}
07/12/2022 09:03:56 PM    INFO    servicesMD  subscribeToken   {"type":"success","code":"s-session-0001","description":"Instrument subscribed successfully!","result":{"mdp":1501,"quotesList":[{"exchangeSegment":1,"exchangeInstrumentID":26001}],"listQuotes":[],"Remaining_Subscription_Count":9997}}
07/12/2022 09:03:56 PM    INFO    servicesMD  subscribeToken   {"type":"success","code":"s-session-0001","description":"Instrument subscribed successfully!","result":{"mdp":1501,"quotesList":[{"exchangeSegment":1,"exchangeInstrumentID":26002}],"listQuotes":[],"Remaining_Subscription_Count":9996}}
07/12/2022 09:04:19 PM    INFO    client  _send_packet   Sending packet PING data None
07/12/2022 09:04:19 PM    INFO    client  _receive_packet   Received packet PONG data None
07/12/2022 09:04:19 PM    INFO    client  _send_packet   Sending packet PING data None
07/12/2022 09:04:19 PM    INFO    client  _receive_packet   Received packet PONG data None
07/12/2022 09:04:44 PM    INFO    client  _send_packet   Sending packet PING data None
07/12/2022 09:04:44 PM    INFO    client  _receive_packet   Received packet PONG data None
07/12/2022 09:04:44 PM    INFO    client  _send_packet   Sending packet PING data None
07/12/2022 09:04:44 PM    INFO    client  _receive_packet   Received packet PONG data None
07/12/2022 09:05:07 PM    INFO    client  _send_packet   Sending packet CLOSE data None
07/12/2022 09:05:07 PM    INFO    client  _handle_eio_disconnect   Engine.IO connection dropped
07/12/2022 09:05:07 PM    INFO    client  _write_loop   Exiting write loop task
07/12/2022 09:05:07 PM    INFO    interactiveApi  on_disconnect   Interactive Socket disconnected!
07/12/2022 09:05:07 PM    INFO    client  _receive_packet   Received packet NOOP data None
07/12/2022 09:05:07 PM    INFO    client  _read_loop_websocket   Waiting for write loop task to end
07/12/2022 09:05:07 PM    INFO    client  _read_loop_websocket   Waiting for ping loop task to end
07/12/2022 09:05:07 PM    INFO    client  _ping_loop   Exiting ping task
07/12/2022 09:05:07 PM    INFO    client  _read_loop_websocket   Exiting read loop task
07/12/2022 09:05:07 PM    INFO    client  _send_packet   Sending packet CLOSE data None
07/12/2022 09:05:07 PM    INFO    client  _handle_eio_disconnect   Engine.IO connection dropped
07/12/2022 09:05:07 PM    INFO    marketData  on_disconnect   Market Data Socket disconnected!
07/12/2022 09:05:07 PM    INFO    client  _write_loop   Exiting write loop task
07/12/2022 09:05:07 PM    INFO    client  _receive_packet   Received packet NOOP data None
07/12/2022 09:05:07 PM    INFO    client  _read_loop_websocket   Waiting for write loop task to end
07/12/2022 09:05:07 PM    INFO    client  _read_loop_websocket   Waiting for ping loop task to end
07/12/2022 09:05:07 PM    INFO    client  _ping_loop   Exiting ping task
07/12/2022 09:05:07 PM    INFO    client  _read_loop_websocket   Exiting read loop task
