07/12/2022 08:59:37 PM    INFO    __init__  _load_stylesheet   QSS file sucessfuly loaded.
07/12/2022 08:59:37 PM    INFO    __init__  _apply_os_patches   Found OS patches to be applied.
07/12/2022 08:59:37 PM    INFO    __init__  _apply_application_patches   Found application patches to be applied.
07/12/2022 08:59:37 PM    INFO    __init__  _load_stylesheet   QSS file sucessfuly loaded.
07/12/2022 08:59:37 PM    INFO    __init__  _apply_os_patches   Found OS patches to be applied.
07/12/2022 08:59:37 PM    INFO    __init__  _apply_application_patches   Found application patches to be applied.
07/12/2022 08:59:37 PM    INFO    __init__  _load_stylesheet   QSS file sucessfuly loaded.
07/12/2022 08:59:37 PM    INFO    __init__  _apply_os_patches   Found OS patches to be applied.
07/12/2022 08:59:37 PM    INFO    __init__  _apply_application_patches   Found application patches to be applied.
07/12/2022 08:59:37 PM    INFO    __init__  _load_stylesheet   QSS file sucessfuly loaded.
07/12/2022 08:59:37 PM    INFO    __init__  _apply_os_patches   Found OS patches to be applied.
07/12/2022 08:59:37 PM    INFO    __init__  _apply_application_patches   Found application patches to be applied.
07/12/2022 08:59:37 PM    INFO    __init__  _load_stylesheet   QSS file sucessfuly loaded.
07/12/2022 08:59:37 PM    INFO    __init__  _apply_os_patches   Found OS patches to be applied.
07/12/2022 08:59:37 PM    INFO    __init__  _apply_application_patches   Found application patches to be applied.
07/12/2022 08:59:37 PM    INFO    __init__  _load_stylesheet   QSS file sucessfuly loaded.
07/12/2022 08:59:37 PM    INFO    __init__  _apply_os_patches   Found OS patches to be applied.
07/12/2022 08:59:37 PM    INFO    __init__  _apply_application_patches   Found application patches to be applied.
07/12/2022 08:59:37 PM    INFO    __init__  _load_stylesheet   QSS file sucessfuly loaded.
07/12/2022 08:59:37 PM    INFO    __init__  _apply_os_patches   Found OS patches to be applied.
07/12/2022 08:59:37 PM    INFO    __init__  _apply_application_patches   Found application patches to be applied.
07/12/2022 08:59:37 PM    INFO    __init__  _load_stylesheet   QSS file sucessfuly loaded.
07/12/2022 08:59:37 PM    INFO    __init__  _apply_os_patches   Found OS patches to be applied.
07/12/2022 08:59:37 PM    INFO    __init__  _apply_application_patches   Found application patches to be applied.
07/12/2022 08:59:37 PM    INFO    __init__  _load_stylesheet   QSS file sucessfuly loaded.
07/12/2022 08:59:37 PM    INFO    __init__  _apply_os_patches   Found OS patches to be applied.
07/12/2022 08:59:37 PM    INFO    __init__  _apply_application_patches   Found application patches to be applied.
07/12/2022 08:59:37 PM    ERROR    netPosition  __init__   'NetPosition' object has no attribute 'tables_details'
07/12/2022 08:59:37 PM    INFO    __init__  _load_stylesheet   QSS file sucessfuly loaded.
07/12/2022 08:59:37 PM    INFO    __init__  _apply_os_patches   Found OS patches to be applied.
07/12/2022 08:59:37 PM    INFO    __init__  _apply_application_patches   Found application patches to be applied.
07/12/2022 08:59:37 PM    INFO    __init__  _load_stylesheet   QSS file sucessfuly loaded.
07/12/2022 08:59:37 PM    INFO    __init__  _apply_os_patches   Found OS patches to be applied.
07/12/2022 08:59:37 PM    INFO    __init__  _apply_application_patches   Found application patches to be applied.
07/12/2022 08:59:37 PM    INFO    __init__  _load_stylesheet   QSS file sucessfuly loaded.
07/12/2022 08:59:37 PM    INFO    __init__  _apply_os_patches   Found OS patches to be applied.
07/12/2022 08:59:37 PM    INFO    __init__  _apply_application_patches   Found application patches to be applied.
07/12/2022 08:59:37 PM    INFO    __init__  _load_stylesheet   QSS file sucessfuly loaded.
07/12/2022 08:59:37 PM    INFO    __init__  _apply_os_patches   Found OS patches to be applied.
07/12/2022 08:59:37 PM    INFO    __init__  _apply_application_patches   Found application patches to be applied.
07/12/2022 08:59:37 PM    INFO    __init__  _load_stylesheet   QSS file sucessfuly loaded.
07/12/2022 08:59:37 PM    INFO    __init__  _apply_os_patches   Found OS patches to be applied.
07/12/2022 08:59:37 PM    INFO    __init__  _apply_application_patches   Found application patches to be applied.
07/12/2022 08:59:37 PM    INFO    __init__  _load_stylesheet   QSS file sucessfuly loaded.
07/12/2022 08:59:37 PM    INFO    __init__  _apply_os_patches   Found OS patches to be applied.
07/12/2022 08:59:37 PM    INFO    __init__  _apply_application_patches   Found application patches to be applied.
07/12/2022 08:59:37 PM    INFO    __init__  _load_stylesheet   QSS file sucessfuly loaded.
07/12/2022 08:59:37 PM    INFO    __init__  _apply_os_patches   Found OS patches to be applied.
07/12/2022 08:59:37 PM    INFO    __init__  _apply_application_patches   Found application patches to be applied.
07/12/2022 08:59:37 PM    INFO    __init__  _load_stylesheet   QSS file sucessfuly loaded.
07/12/2022 08:59:37 PM    INFO    __init__  _apply_os_patches   Found OS patches to be applied.
07/12/2022 08:59:37 PM    INFO    __init__  _apply_application_patches   Found application patches to be applied.
07/12/2022 08:59:37 PM    INFO    __init__  _load_stylesheet   QSS file sucessfuly loaded.
07/12/2022 08:59:37 PM    INFO    __init__  _apply_os_patches   Found OS patches to be applied.
07/12/2022 08:59:37 PM    INFO    __init__  _apply_application_patches   Found application patches to be applied.
07/12/2022 08:59:37 PM    INFO    __init__  _load_stylesheet   QSS file sucessfuly loaded.
07/12/2022 08:59:37 PM    INFO    __init__  _apply_os_patches   Found OS patches to be applied.
07/12/2022 08:59:37 PM    INFO    __init__  _apply_application_patches   Found application patches to be applied.
07/12/2022 08:59:37 PM    INFO    __init__  _load_stylesheet   QSS file sucessfuly loaded.
07/12/2022 08:59:37 PM    INFO    __init__  _apply_os_patches   Found OS patches to be applied.
07/12/2022 08:59:37 PM    INFO    __init__  _apply_application_patches   Found application patches to be applied.
07/12/2022 08:59:37 PM    INFO    __init__  _load_stylesheet   QSS file sucessfuly loaded.
07/12/2022 08:59:37 PM    INFO    __init__  _apply_os_patches   Found OS patches to be applied.
07/12/2022 08:59:37 PM    INFO    __init__  _apply_application_patches   Found application patches to be applied.
07/12/2022 08:59:37 PM    ERROR    configReader  writeURL   name 'cst' is not defined
