07/12/2022 09:01:38 PM    INFO    __init__  _load_stylesheet   QSS file sucessfuly loaded.
07/12/2022 09:01:38 PM    INFO    __init__  _apply_os_patches   Found OS patches to be applied.
07/12/2022 09:01:38 PM    INFO    __init__  _apply_application_patches   Found application patches to be applied.
07/12/2022 09:01:38 PM    INFO    __init__  _load_stylesheet   QSS file sucessfuly loaded.
07/12/2022 09:01:38 PM    INFO    __init__  _apply_os_patches   Found OS patches to be applied.
07/12/2022 09:01:38 PM    INFO    __init__  _apply_application_patches   Found application patches to be applied.
07/12/2022 09:01:38 PM    INFO    __init__  _load_stylesheet   QSS file sucessfuly loaded.
07/12/2022 09:01:38 PM    INFO    __init__  _apply_os_patches   Found OS patches to be applied.
07/12/2022 09:01:38 PM    INFO    __init__  _apply_application_patches   Found application patches to be applied.
07/12/2022 09:01:38 PM    INFO    __init__  _load_stylesheet   QSS file sucessfuly loaded.
07/12/2022 09:01:38 PM    INFO    __init__  _apply_os_patches   Found OS patches to be applied.
07/12/2022 09:01:38 PM    INFO    __init__  _apply_application_patches   Found application patches to be applied.
07/12/2022 09:01:38 PM    INFO    __init__  _load_stylesheet   QSS file sucessfuly loaded.
07/12/2022 09:01:38 PM    INFO    __init__  _apply_os_patches   Found OS patches to be applied.
07/12/2022 09:01:38 PM    INFO    __init__  _apply_application_patches   Found application patches to be applied.
07/12/2022 09:01:38 PM    INFO    __init__  _load_stylesheet   QSS file sucessfuly loaded.
07/12/2022 09:01:38 PM    INFO    __init__  _apply_os_patches   Found OS patches to be applied.
07/12/2022 09:01:38 PM    INFO    __init__  _apply_application_patches   Found application patches to be applied.
07/12/2022 09:01:38 PM    INFO    __init__  _load_stylesheet   QSS file sucessfuly loaded.
07/12/2022 09:01:38 PM    INFO    __init__  _apply_os_patches   Found OS patches to be applied.
07/12/2022 09:01:38 PM    INFO    __init__  _apply_application_patches   Found application patches to be applied.
07/12/2022 09:01:38 PM    INFO    __init__  _load_stylesheet   QSS file sucessfuly loaded.
07/12/2022 09:01:38 PM    INFO    __init__  _apply_os_patches   Found OS patches to be applied.
07/12/2022 09:01:38 PM    INFO    __init__  _apply_application_patches   Found application patches to be applied.
07/12/2022 09:01:38 PM    INFO    __init__  _load_stylesheet   QSS file sucessfuly loaded.
07/12/2022 09:01:38 PM    INFO    __init__  _apply_os_patches   Found OS patches to be applied.
07/12/2022 09:01:38 PM    INFO    __init__  _apply_application_patches   Found application patches to be applied.
07/12/2022 09:01:38 PM    ERROR    createTables  tables_details_np   'module' object is not callable
07/12/2022 09:01:38 PM    INFO    __init__  _load_stylesheet   QSS file sucessfuly loaded.
07/12/2022 09:01:38 PM    INFO    __init__  _apply_os_patches   Found OS patches to be applied.
07/12/2022 09:01:38 PM    INFO    __init__  _apply_application_patches   Found application patches to be applied.
07/12/2022 09:01:38 PM    INFO    __init__  _load_stylesheet   QSS file sucessfuly loaded.
07/12/2022 09:01:38 PM    INFO    __init__  _apply_os_patches   Found OS patches to be applied.
07/12/2022 09:01:38 PM    INFO    __init__  _apply_application_patches   Found application patches to be applied.
07/12/2022 09:01:38 PM    INFO    __init__  _load_stylesheet   QSS file sucessfuly loaded.
07/12/2022 09:01:38 PM    INFO    __init__  _apply_os_patches   Found OS patches to be applied.
07/12/2022 09:01:38 PM    INFO    __init__  _apply_application_patches   Found application patches to be applied.
07/12/2022 09:01:38 PM    INFO    __init__  _load_stylesheet   QSS file sucessfuly loaded.
07/12/2022 09:01:38 PM    INFO    __init__  _apply_os_patches   Found OS patches to be applied.
07/12/2022 09:01:38 PM    INFO    __init__  _apply_application_patches   Found application patches to be applied.
07/12/2022 09:01:38 PM    INFO    __init__  _load_stylesheet   QSS file sucessfuly loaded.
07/12/2022 09:01:38 PM    INFO    __init__  _apply_os_patches   Found OS patches to be applied.
07/12/2022 09:01:38 PM    INFO    __init__  _apply_application_patches   Found application patches to be applied.
07/12/2022 09:01:38 PM    INFO    __init__  _load_stylesheet   QSS file sucessfuly loaded.
07/12/2022 09:01:38 PM    INFO    __init__  _apply_os_patches   Found OS patches to be applied.
07/12/2022 09:01:38 PM    INFO    __init__  _apply_application_patches   Found application patches to be applied.
07/12/2022 09:01:38 PM    INFO    __init__  _load_stylesheet   QSS file sucessfuly loaded.
07/12/2022 09:01:38 PM    INFO    __init__  _apply_os_patches   Found OS patches to be applied.
07/12/2022 09:01:38 PM    INFO    __init__  _apply_application_patches   Found application patches to be applied.
07/12/2022 09:01:38 PM    INFO    __init__  _load_stylesheet   QSS file sucessfuly loaded.
07/12/2022 09:01:38 PM    INFO    __init__  _apply_os_patches   Found OS patches to be applied.
07/12/2022 09:01:38 PM    INFO    __init__  _apply_application_patches   Found application patches to be applied.
07/12/2022 09:01:38 PM    INFO    __init__  _load_stylesheet   QSS file sucessfuly loaded.
07/12/2022 09:01:38 PM    INFO    __init__  _apply_os_patches   Found OS patches to be applied.
07/12/2022 09:01:38 PM    INFO    __init__  _apply_application_patches   Found application patches to be applied.
07/12/2022 09:01:38 PM    INFO    __init__  _load_stylesheet   QSS file sucessfuly loaded.
07/12/2022 09:01:38 PM    INFO    __init__  _apply_os_patches   Found OS patches to be applied.
07/12/2022 09:01:38 PM    INFO    __init__  _apply_application_patches   Found application patches to be applied.
07/12/2022 09:01:38 PM    INFO    __init__  _load_stylesheet   QSS file sucessfuly loaded.
07/12/2022 09:01:38 PM    INFO    __init__  _apply_os_patches   Found OS patches to be applied.
07/12/2022 09:01:38 PM    INFO    __init__  _apply_application_patches   Found application patches to be applied.
07/12/2022 09:01:38 PM    INFO    __init__  _load_stylesheet   QSS file sucessfuly loaded.
07/12/2022 09:01:38 PM    INFO    __init__  _apply_os_patches   Found OS patches to be applied.
07/12/2022 09:01:38 PM    INFO    __init__  _apply_application_patches   Found application patches to be applied.
07/12/2022 09:01:38 PM    ERROR    configReader  writeURL   name 'cst' is not defined
