07/12/2022 06:41:19 PM    INFO    __init__  _load_stylesheet   QSS file sucessfuly loaded.
07/12/2022 06:41:19 PM    INFO    __init__  _apply_os_patches   Found OS patches to be applied.
07/12/2022 06:41:19 PM    INFO    __init__  _apply_application_patches   Found application patches to be applied.
07/12/2022 06:41:19 PM    INFO    __init__  _load_stylesheet   QSS file sucessfuly loaded.
07/12/2022 06:41:19 PM    INFO    __init__  _apply_os_patches   Found OS patches to be applied.
07/12/2022 06:41:19 PM    INFO    __init__  _apply_application_patches   Found application patches to be applied.
07/12/2022 06:41:19 PM    INFO    __init__  _load_stylesheet   QSS file sucessfuly loaded.
07/12/2022 06:41:19 PM    INFO    __init__  _apply_os_patches   Found OS patches to be applied.
07/12/2022 06:41:19 PM    INFO    __init__  _apply_application_patches   Found application patches to be applied.
07/12/2022 06:41:19 PM    INFO    __init__  _load_stylesheet   QSS file sucessfuly loaded.
07/12/2022 06:41:19 PM    INFO    __init__  _apply_os_patches   Found OS patches to be applied.
07/12/2022 06:41:19 PM    INFO    __init__  _apply_application_patches   Found application patches to be applied.
07/12/2022 06:41:19 PM    INFO    __init__  _load_stylesheet   QSS file sucessfuly loaded.
07/12/2022 06:41:19 PM    INFO    __init__  _apply_os_patches   Found OS patches to be applied.
07/12/2022 06:41:19 PM    INFO    __init__  _apply_application_patches   Found application patches to be applied.
07/12/2022 06:41:19 PM    INFO    __init__  _load_stylesheet   QSS file sucessfuly loaded.
07/12/2022 06:41:19 PM    INFO    __init__  _apply_os_patches   Found OS patches to be applied.
07/12/2022 06:41:19 PM    INFO    __init__  _apply_application_patches   Found application patches to be applied.
07/12/2022 06:41:20 PM    INFO    __init__  _load_stylesheet   QSS file sucessfuly loaded.
07/12/2022 06:41:20 PM    INFO    __init__  _apply_os_patches   Found OS patches to be applied.
07/12/2022 06:41:20 PM    INFO    __init__  _apply_application_patches   Found application patches to be applied.
07/12/2022 06:41:20 PM    INFO    __init__  _load_stylesheet   QSS file sucessfuly loaded.
07/12/2022 06:41:20 PM    INFO    __init__  _apply_os_patches   Found OS patches to be applied.
07/12/2022 06:41:20 PM    INFO    __init__  _apply_application_patches   Found application patches to be applied.
07/12/2022 06:41:20 PM    INFO    __init__  _load_stylesheet   QSS file sucessfuly loaded.
07/12/2022 06:41:20 PM    INFO    __init__  _apply_os_patches   Found OS patches to be applied.
07/12/2022 06:41:20 PM    INFO    __init__  _apply_application_patches   Found application patches to be applied.
07/12/2022 06:41:20 PM    INFO    __init__  _load_stylesheet   QSS file sucessfuly loaded.
07/12/2022 06:41:20 PM    INFO    __init__  _apply_os_patches   Found OS patches to be applied.
07/12/2022 06:41:20 PM    INFO    __init__  _apply_application_patches   Found application patches to be applied.
07/12/2022 06:41:20 PM    INFO    __init__  _load_stylesheet   QSS file sucessfuly loaded.
07/12/2022 06:41:20 PM    INFO    __init__  _apply_os_patches   Found OS patches to be applied.
07/12/2022 06:41:20 PM    INFO    __init__  _apply_application_patches   Found application patches to be applied.
07/12/2022 06:41:20 PM    INFO    __init__  _load_stylesheet   QSS file sucessfuly loaded.
07/12/2022 06:41:20 PM    INFO    __init__  _apply_os_patches   Found OS patches to be applied.
07/12/2022 06:41:20 PM    INFO    __init__  _apply_application_patches   Found application patches to be applied.
07/12/2022 06:41:20 PM    INFO    __init__  _load_stylesheet   QSS file sucessfuly loaded.
07/12/2022 06:41:20 PM    INFO    __init__  _apply_os_patches   Found OS patches to be applied.
07/12/2022 06:41:20 PM    INFO    __init__  _apply_application_patches   Found application patches to be applied.
07/12/2022 06:41:20 PM    INFO    __init__  _load_stylesheet   QSS file sucessfuly loaded.
07/12/2022 06:41:20 PM    INFO    __init__  _apply_os_patches   Found OS patches to be applied.
07/12/2022 06:41:20 PM    INFO    __init__  _apply_application_patches   Found application patches to be applied.
07/12/2022 06:41:20 PM    INFO    __init__  _load_stylesheet   QSS file sucessfuly loaded.
07/12/2022 06:41:20 PM    INFO    __init__  _apply_os_patches   Found OS patches to be applied.
07/12/2022 06:41:20 PM    INFO    __init__  _apply_application_patches   Found application patches to be applied.
07/12/2022 06:41:20 PM    INFO    __init__  _load_stylesheet   QSS file sucessfuly loaded.
07/12/2022 06:41:20 PM    INFO    __init__  _apply_os_patches   Found OS patches to be applied.
07/12/2022 06:41:20 PM    INFO    __init__  _apply_application_patches   Found application patches to be applied.
07/12/2022 06:41:20 PM    INFO    __init__  _load_stylesheet   QSS file sucessfuly loaded.
07/12/2022 06:41:20 PM    INFO    __init__  _apply_os_patches   Found OS patches to be applied.
07/12/2022 06:41:20 PM    INFO    __init__  _apply_application_patches   Found application patches to be applied.
07/12/2022 06:41:20 PM    INFO    __init__  _load_stylesheet   QSS file sucessfuly loaded.
07/12/2022 06:41:20 PM    INFO    __init__  _apply_os_patches   Found OS patches to be applied.
07/12/2022 06:41:20 PM    INFO    __init__  _apply_application_patches   Found application patches to be applied.
07/12/2022 06:41:20 PM    INFO    __init__  _load_stylesheet   QSS file sucessfuly loaded.
07/12/2022 06:41:20 PM    INFO    __init__  _apply_os_patches   Found OS patches to be applied.
07/12/2022 06:41:20 PM    INFO    __init__  _apply_application_patches   Found application patches to be applied.
07/12/2022 06:41:20 PM    INFO    __init__  _load_stylesheet   QSS file sucessfuly loaded.
07/12/2022 06:41:20 PM    INFO    __init__  _apply_os_patches   Found OS patches to be applied.
07/12/2022 06:41:20 PM    INFO    __init__  _apply_application_patches   Found application patches to be applied.
07/12/2022 06:41:20 PM    INFO    __init__  _load_stylesheet   QSS file sucessfuly loaded.
07/12/2022 06:41:20 PM    INFO    __init__  _apply_os_patches   Found OS patches to be applied.
07/12/2022 06:41:20 PM    INFO    __init__  _apply_application_patches   Found application patches to be applied.
07/12/2022 06:41:20 PM    ERROR    configReader  writeURL   name 'cst' is not defined
07/12/2022 06:42:37 PM    ERROR    servicesMD  login   HTTPConnectionPool(host='192.168.102.22', port=3000): Max retries exceeded with url: /marketdata/auth/login (Caused by NewConnectionError('<urllib3.connection.HTTPConnection object at 0x15ba70bb0>: Failed to establish a new connection: [Errno 60] Operation timed out'))
07/12/2022 06:43:52 PM    ERROR    servicesIA  login   (<class 'requests.exceptions.ConnectionError'>, ConnectionError(MaxRetryError("HTTPConnectionPool(host='192.168.102.22', port=3000): Max retries exceeded with url: /interactive/user/session (Caused by NewConnectionError('<urllib3.connection.HTTPConnection object at 0x15bce5940>: Failed to establish a new connection: [Errno 60] Operation timed out'))")), <traceback object at 0x15b7a3a80>)
