07/10/2022 09:19:11 PM    INFO    __init__  _load_stylesheet   QSS file sucessfuly loaded.
07/10/2022 09:19:11 PM    INFO    __init__  _apply_os_patches   Found OS patches to be applied.
07/10/2022 09:19:11 PM    INFO    __init__  _apply_application_patches   Found application patches to be applied.
07/10/2022 09:19:11 PM    INFO    __init__  _load_stylesheet   QSS file sucessfuly loaded.
07/10/2022 09:19:11 PM    INFO    __init__  _apply_os_patches   Found OS patches to be applied.
07/10/2022 09:19:11 PM    INFO    __init__  _apply_application_patches   Found application patches to be applied.
07/10/2022 09:19:11 PM    INFO    __init__  _load_stylesheet   QSS file sucessfuly loaded.
07/10/2022 09:19:11 PM    INFO    __init__  _apply_os_patches   Found OS patches to be applied.
07/10/2022 09:19:11 PM    INFO    __init__  _apply_application_patches   Found application patches to be applied.
07/10/2022 09:19:11 PM    INFO    __init__  _load_stylesheet   QSS file sucessfuly loaded.
07/10/2022 09:19:11 PM    INFO    __init__  _apply_os_patches   Found OS patches to be applied.
07/10/2022 09:19:11 PM    INFO    __init__  _apply_application_patches   Found application patches to be applied.
07/10/2022 09:19:11 PM    INFO    __init__  _load_stylesheet   QSS file sucessfuly loaded.
07/10/2022 09:19:11 PM    INFO    __init__  _apply_os_patches   Found OS patches to be applied.
07/10/2022 09:19:11 PM    INFO    __init__  _apply_application_patches   Found application patches to be applied.
07/10/2022 09:19:11 PM    INFO    __init__  _load_stylesheet   QSS file sucessfuly loaded.
07/10/2022 09:19:11 PM    INFO    __init__  _apply_os_patches   Found OS patches to be applied.
07/10/2022 09:19:11 PM    INFO    __init__  _apply_application_patches   Found application patches to be applied.
07/10/2022 09:19:11 PM    INFO    __init__  _load_stylesheet   QSS file sucessfuly loaded.
07/10/2022 09:19:11 PM    INFO    __init__  _apply_os_patches   Found OS patches to be applied.
07/10/2022 09:19:11 PM    INFO    __init__  _apply_application_patches   Found application patches to be applied.
07/10/2022 09:19:11 PM    INFO    __init__  _load_stylesheet   QSS file sucessfuly loaded.
07/10/2022 09:19:11 PM    INFO    __init__  _apply_os_patches   Found OS patches to be applied.
07/10/2022 09:19:11 PM    INFO    __init__  _apply_application_patches   Found application patches to be applied.
07/10/2022 09:19:11 PM    INFO    __init__  _load_stylesheet   QSS file sucessfuly loaded.
07/10/2022 09:19:11 PM    INFO    __init__  _apply_os_patches   Found OS patches to be applied.
07/10/2022 09:19:11 PM    INFO    __init__  _apply_application_patches   Found application patches to be applied.
07/10/2022 09:19:11 PM    INFO    __init__  _load_stylesheet   QSS file sucessfuly loaded.
07/10/2022 09:19:11 PM    INFO    __init__  _apply_os_patches   Found OS patches to be applied.
07/10/2022 09:19:11 PM    INFO    __init__  _apply_application_patches   Found application patches to be applied.
07/10/2022 09:19:12 PM    INFO    __init__  _load_stylesheet   QSS file sucessfuly loaded.
07/10/2022 09:19:12 PM    INFO    __init__  _apply_os_patches   Found OS patches to be applied.
07/10/2022 09:19:12 PM    INFO    __init__  _apply_application_patches   Found application patches to be applied.
07/10/2022 09:19:12 PM    INFO    __init__  _load_stylesheet   QSS file sucessfuly loaded.
07/10/2022 09:19:12 PM    INFO    __init__  _apply_os_patches   Found OS patches to be applied.
07/10/2022 09:19:12 PM    INFO    __init__  _apply_application_patches   Found application patches to be applied.
07/10/2022 09:19:12 PM    INFO    __init__  _load_stylesheet   QSS file sucessfuly loaded.
07/10/2022 09:19:12 PM    INFO    __init__  _apply_os_patches   Found OS patches to be applied.
07/10/2022 09:19:12 PM    INFO    __init__  _apply_application_patches   Found application patches to be applied.
07/10/2022 09:19:12 PM    INFO    __init__  _load_stylesheet   QSS file sucessfuly loaded.
07/10/2022 09:19:12 PM    INFO    __init__  _apply_os_patches   Found OS patches to be applied.
07/10/2022 09:19:12 PM    INFO    __init__  _apply_application_patches   Found application patches to be applied.
07/10/2022 09:19:12 PM    INFO    __init__  _load_stylesheet   QSS file sucessfuly loaded.
07/10/2022 09:19:12 PM    INFO    __init__  _apply_os_patches   Found OS patches to be applied.
07/10/2022 09:19:12 PM    INFO    __init__  _apply_application_patches   Found application patches to be applied.
07/10/2022 09:19:12 PM    INFO    __init__  _load_stylesheet   QSS file sucessfuly loaded.
07/10/2022 09:19:12 PM    INFO    __init__  _apply_os_patches   Found OS patches to be applied.
07/10/2022 09:19:12 PM    INFO    __init__  _apply_application_patches   Found application patches to be applied.
07/10/2022 09:19:12 PM    INFO    __init__  _load_stylesheet   QSS file sucessfuly loaded.
07/10/2022 09:19:12 PM    INFO    __init__  _apply_os_patches   Found OS patches to be applied.
07/10/2022 09:19:12 PM    INFO    __init__  _apply_application_patches   Found application patches to be applied.
07/10/2022 09:19:12 PM    INFO    __init__  _load_stylesheet   QSS file sucessfuly loaded.
07/10/2022 09:19:12 PM    INFO    __init__  _apply_os_patches   Found OS patches to be applied.
07/10/2022 09:19:12 PM    INFO    __init__  _apply_application_patches   Found application patches to be applied.
07/10/2022 09:19:12 PM    INFO    __init__  _load_stylesheet   QSS file sucessfuly loaded.
07/10/2022 09:19:12 PM    INFO    __init__  _apply_os_patches   Found OS patches to be applied.
07/10/2022 09:19:12 PM    INFO    __init__  _apply_application_patches   Found application patches to be applied.
07/10/2022 09:19:12 PM    INFO    __init__  _load_stylesheet   QSS file sucessfuly loaded.
07/10/2022 09:19:12 PM    INFO    __init__  _apply_os_patches   Found OS patches to be applied.
07/10/2022 09:19:12 PM    INFO    __init__  _apply_application_patches   Found application patches to be applied.
07/10/2022 09:19:12 PM    INFO    __init__  _load_stylesheet   QSS file sucessfuly loaded.
07/10/2022 09:19:12 PM    INFO    __init__  _apply_os_patches   Found OS patches to be applied.
07/10/2022 09:19:12 PM    INFO    __init__  _apply_application_patches   Found application patches to be applied.
07/10/2022 09:19:12 PM    ERROR    configReader  writeURL   name 'cst' is not defined
07/10/2022 09:19:20 PM    ERROR    servicesMD  login   
