07/14/2022 04:29:55 PM    INFO    __init__  _load_stylesheet   QSS file sucessfuly loaded.
07/14/2022 04:29:55 PM    INFO    __init__  _apply_os_patches   Found OS patches to be applied.
07/14/2022 04:29:55 PM    INFO    __init__  _apply_application_patches   Found application patches to be applied.
07/14/2022 04:29:56 PM    INFO    __init__  _load_stylesheet   QSS file sucessfuly loaded.
07/14/2022 04:29:56 PM    INFO    __init__  _apply_os_patches   Found OS patches to be applied.
07/14/2022 04:29:56 PM    INFO    __init__  _apply_application_patches   Found application patches to be applied.
07/14/2022 04:29:56 PM    INFO    __init__  _load_stylesheet   QSS file sucessfuly loaded.
07/14/2022 04:29:56 PM    INFO    __init__  _apply_os_patches   Found OS patches to be applied.
07/14/2022 04:29:56 PM    INFO    __init__  _apply_application_patches   Found application patches to be applied.
07/14/2022 04:29:56 PM    INFO    __init__  _load_stylesheet   QSS file sucessfuly loaded.
07/14/2022 04:29:56 PM    INFO    __init__  _apply_os_patches   Found OS patches to be applied.
07/14/2022 04:29:56 PM    INFO    __init__  _apply_application_patches   Found application patches to be applied.
07/14/2022 04:29:56 PM    INFO    __init__  _load_stylesheet   QSS file sucessfuly loaded.
07/14/2022 04:29:56 PM    INFO    __init__  _apply_os_patches   Found OS patches to be applied.
07/14/2022 04:29:56 PM    INFO    __init__  _apply_application_patches   Found application patches to be applied.
07/14/2022 04:29:56 PM    INFO    __init__  _load_stylesheet   QSS file sucessfuly loaded.
07/14/2022 04:29:56 PM    INFO    __init__  _apply_os_patches   Found OS patches to be applied.
07/14/2022 04:29:56 PM    INFO    __init__  _apply_application_patches   Found application patches to be applied.
07/14/2022 04:29:56 PM    INFO    __init__  _load_stylesheet   QSS file sucessfuly loaded.
07/14/2022 04:29:56 PM    INFO    __init__  _apply_os_patches   Found OS patches to be applied.
07/14/2022 04:29:56 PM    INFO    __init__  _apply_application_patches   Found application patches to be applied.
07/14/2022 04:29:56 PM    INFO    __init__  _load_stylesheet   QSS file sucessfuly loaded.
07/14/2022 04:29:56 PM    INFO    __init__  _apply_os_patches   Found OS patches to be applied.
07/14/2022 04:29:56 PM    INFO    __init__  _apply_application_patches   Found application patches to be applied.
07/14/2022 04:29:56 PM    INFO    __init__  _load_stylesheet   QSS file sucessfuly loaded.
07/14/2022 04:29:56 PM    INFO    __init__  _apply_os_patches   Found OS patches to be applied.
07/14/2022 04:29:56 PM    INFO    __init__  _apply_application_patches   Found application patches to be applied.
07/14/2022 04:29:56 PM    INFO    __init__  _load_stylesheet   QSS file sucessfuly loaded.
07/14/2022 04:29:56 PM    INFO    __init__  _apply_os_patches   Found OS patches to be applied.
07/14/2022 04:29:56 PM    INFO    __init__  _apply_application_patches   Found application patches to be applied.
07/14/2022 04:29:56 PM    INFO    __init__  _load_stylesheet   QSS file sucessfuly loaded.
07/14/2022 04:29:56 PM    INFO    __init__  _apply_os_patches   Found OS patches to be applied.
07/14/2022 04:29:56 PM    INFO    __init__  _apply_application_patches   Found application patches to be applied.
07/14/2022 04:29:56 PM    INFO    __init__  _load_stylesheet   QSS file sucessfuly loaded.
07/14/2022 04:29:56 PM    INFO    __init__  _apply_os_patches   Found OS patches to be applied.
07/14/2022 04:29:56 PM    INFO    __init__  _apply_application_patches   Found application patches to be applied.
07/14/2022 04:29:56 PM    INFO    __init__  _load_stylesheet   QSS file sucessfuly loaded.
07/14/2022 04:29:56 PM    INFO    __init__  _apply_os_patches   Found OS patches to be applied.
07/14/2022 04:29:56 PM    INFO    __init__  _apply_application_patches   Found application patches to be applied.
07/14/2022 04:29:56 PM    INFO    __init__  _load_stylesheet   QSS file sucessfuly loaded.
07/14/2022 04:29:56 PM    INFO    __init__  _apply_os_patches   Found OS patches to be applied.
07/14/2022 04:29:56 PM    INFO    __init__  _apply_application_patches   Found application patches to be applied.
07/14/2022 04:29:56 PM    INFO    __init__  _load_stylesheet   QSS file sucessfuly loaded.
07/14/2022 04:29:56 PM    INFO    __init__  _apply_os_patches   Found OS patches to be applied.
07/14/2022 04:29:56 PM    INFO    __init__  _apply_application_patches   Found application patches to be applied.
07/14/2022 04:29:56 PM    INFO    __init__  _load_stylesheet   QSS file sucessfuly loaded.
07/14/2022 04:29:56 PM    INFO    __init__  _apply_os_patches   Found OS patches to be applied.
07/14/2022 04:29:56 PM    INFO    __init__  _apply_application_patches   Found application patches to be applied.
07/14/2022 04:29:56 PM    INFO    __init__  _load_stylesheet   QSS file sucessfuly loaded.
07/14/2022 04:29:56 PM    INFO    __init__  _apply_os_patches   Found OS patches to be applied.
07/14/2022 04:29:56 PM    INFO    __init__  _apply_application_patches   Found application patches to be applied.
07/14/2022 04:29:56 PM    INFO    __init__  _load_stylesheet   QSS file sucessfuly loaded.
07/14/2022 04:29:56 PM    INFO    __init__  _apply_os_patches   Found OS patches to be applied.
07/14/2022 04:29:56 PM    INFO    __init__  _apply_application_patches   Found application patches to be applied.
07/14/2022 04:29:56 PM    INFO    __init__  _load_stylesheet   QSS file sucessfuly loaded.
07/14/2022 04:29:56 PM    INFO    __init__  _apply_os_patches   Found OS patches to be applied.
07/14/2022 04:29:56 PM    INFO    __init__  _apply_application_patches   Found application patches to be applied.
07/14/2022 04:29:56 PM    INFO    __init__  _load_stylesheet   QSS file sucessfuly loaded.
07/14/2022 04:29:56 PM    INFO    __init__  _apply_os_patches   Found OS patches to be applied.
07/14/2022 04:29:56 PM    INFO    __init__  _apply_application_patches   Found application patches to be applied.
07/14/2022 04:29:56 PM    INFO    __init__  _load_stylesheet   QSS file sucessfuly loaded.
07/14/2022 04:29:56 PM    INFO    __init__  _apply_os_patches   Found OS patches to be applied.
07/14/2022 04:29:56 PM    INFO    __init__  _apply_application_patches   Found application patches to be applied.
07/14/2022 04:29:56 PM    ERROR    configReader  writeURL   name 'cst' is not defined
07/14/2022 04:29:59 PM    INFO    servicesMD  login   {"type":"success","code":"e-response-0010","description":"Provided Valid Credentials","result":{"token":"eyJhbGciOiJIUzI1NiIsInR5cCI6IkpXVCJ9.eyJ1c2VySUQiOiJBMDExOV9lYTE5N2UzMTQ0YjM4MTg5OWM2OTI3IiwicHVibGljS2V5IjoiZWExOTdlMzE0NGIzODE4OTljNjkyNyIsImlhdCI6MTY1Nzc5NjM5OSwiZXhwIjoxNjU3ODgyNzk5fQ.WuYkTDmUmftRyW1U_v77lSm7jNeShm-R_XzC3AEndCQ","userID":"A0119","appVersion":"4.0.7"}}
07/14/2022 04:30:00 PM    INFO    client  _connect_websocket   Attempting WebSocket connection to ws://192.168.102.22:3000/interactive/socket.io/?token=eyJhbGciOiJIUzI1NiIsInR5cCI6IkpXVCJ9.eyJ1c2VySUQiOiJBMDExOV9CMjcwNDI0RjIyNDdENTJCMDA2ODQwIiwicHVibGljS2V5IjoiYjI3MDQyNGYyMjQ3ZDUyYjAwNjg0MCIsImlhdCI6MTY1Nzc5NjQwMCwiZXhwIjoxNjU3ODgyODAwfQ.AZUdKJfJl3JFSeXYaxOxzPFBeHtap1WISZ2S11SDgJA&userID=A0119&apiType=INTERACTIVE&transport=websocket&EIO=3
07/14/2022 04:30:00 PM    ERROR    servicesIA  login   (<class 'NameError'>, NameError("name 'get_Pending' is not defined"), <traceback object at 0x15b8a0b00>)
07/14/2022 04:30:00 PM    INFO    client  _connect_websocket   WebSocket connection accepted with {'sid': 'Xa0OuPE-Hi9lL0_gAAAD', 'upgrades': [], 'pingInterval': 25000, 'pingTimeout': 5000}
07/14/2022 04:30:00 PM    INFO    client  _handle_eio_connect   Engine.IO connection established
07/14/2022 04:30:00 PM    INFO    client  _send_packet   Sending packet PING data None
07/14/2022 04:30:00 PM    INFO    client  _receive_packet   Received packet MESSAGE data 0
07/14/2022 04:30:00 PM    INFO    client  _handle_connect   Namespace / is connected
07/14/2022 04:30:00 PM    INFO    client  _receive_packet   Received packet MESSAGE data 2["joined","{\"type\":\"success\",\"code\":\"s-socket-0001\",\"description\":\"Socket joined successfully!\"}"]
07/14/2022 04:30:00 PM    INFO    interactiveApi  on_connect   Interactive socket connected successfully!1111111
07/14/2022 04:30:00 PM    INFO    client  _handle_event   Received event "joined" [/]
07/14/2022 04:30:00 PM    INFO    interactiveApi  on_joined   {"type":"success","code":"s-socket-0001","description":"Socket joined successfully!"}
07/14/2022 04:30:00 PM    INFO    client  _connect_websocket   Attempting WebSocket connection to ws://192.168.102.22:3000/marketdata/socket.io/?token=eyJhbGciOiJIUzI1NiIsInR5cCI6IkpXVCJ9.eyJ1c2VySUQiOiJBMDExOV9lYTE5N2UzMTQ0YjM4MTg5OWM2OTI3IiwicHVibGljS2V5IjoiZWExOTdlMzE0NGIzODE4OTljNjkyNyIsImlhdCI6MTY1Nzc5NjM5OSwiZXhwIjoxNjU3ODgyNzk5fQ.WuYkTDmUmftRyW1U_v77lSm7jNeShm-R_XzC3AEndCQ&userID=A0119&publishFormat=JSON&broadcastMode=Partial&transport=websocket&EIO=3
07/14/2022 04:30:00 PM    INFO    client  _receive_packet   Received packet PONG data None
07/14/2022 04:30:00 PM    INFO    client  _connect_websocket   WebSocket connection accepted with {'sid': 'NBGQydSQLH5-bSX_AAAD', 'upgrades': [], 'pingInterval': 25000, 'pingTimeout': 5000}
07/14/2022 04:30:00 PM    INFO    client  _handle_eio_connect   Engine.IO connection established
07/14/2022 04:30:00 PM    INFO    client  _send_packet   Sending packet PING data None
07/14/2022 04:30:00 PM    INFO    client  _receive_packet   Received packet MESSAGE data 0
07/14/2022 04:30:00 PM    INFO    client  _handle_connect   Namespace / is connected
07/14/2022 04:30:00 PM    INFO    marketData  on_connect   Market Data Socket connected successfully!
07/14/2022 04:30:00 PM    INFO    client  _receive_packet   Received packet MESSAGE data 2["joined","{\"type\":\"success\",\"code\":\"s-socket-0001\",\"description\":\"Socket joined successfully! SocketId=NBGQydSQLH5-bSX_AAAD\"}"]
07/14/2022 04:30:00 PM    INFO    client  _handle_event   Received event "joined" [/]
07/14/2022 04:30:00 PM    INFO    marketData  on_join   Market Data Socket join!{"type":"success","code":"s-socket-0001","description":"Socket joined successfully! SocketId=NBGQydSQLH5-bSX_AAAD"}
07/14/2022 04:30:00 PM    INFO    client  _receive_packet   Received packet PONG data None
07/14/2022 04:30:01 PM    INFO    servicesMD  subscribeToken   {"type":"success","code":"s-session-0001","description":"Instrument subscribed successfully!","result":{"mdp":1501,"quotesList":[{"exchangeSegment":1,"exchangeInstrumentID":26000}],"listQuotes":[],"Remaining_Subscription_Count":9998}}
07/14/2022 04:30:01 PM    INFO    servicesMD  subscribeToken   {"type":"success","code":"s-session-0001","description":"Instrument subscribed successfully!","result":{"mdp":1501,"quotesList":[{"exchangeSegment":1,"exchangeInstrumentID":26001}],"listQuotes":[],"Remaining_Subscription_Count":9997}}
07/14/2022 04:30:01 PM    INFO    servicesMD  subscribeToken   {"type":"success","code":"s-session-0001","description":"Instrument subscribed successfully!","result":{"mdp":1501,"quotesList":[{"exchangeSegment":1,"exchangeInstrumentID":26002}],"listQuotes":[],"Remaining_Subscription_Count":9996}}
07/14/2022 04:30:25 PM    INFO    client  _send_packet   Sending packet PING data None
07/14/2022 04:30:25 PM    INFO    client  _receive_packet   Received packet PONG data None
07/14/2022 04:30:25 PM    INFO    client  _send_packet   Sending packet PING data None
07/14/2022 04:30:25 PM    INFO    client  _receive_packet   Received packet PONG data None
07/14/2022 04:30:50 PM    INFO    client  _send_packet   Sending packet PING data None
07/14/2022 04:30:50 PM    INFO    client  _receive_packet   Received packet PONG data None
07/14/2022 04:30:50 PM    INFO    client  _send_packet   Sending packet PING data None
07/14/2022 04:30:50 PM    INFO    client  _receive_packet   Received packet PONG data None
07/14/2022 04:31:15 PM    INFO    client  _send_packet   Sending packet PING data None
07/14/2022 04:31:15 PM    INFO    client  _receive_packet   Received packet PONG data None
07/14/2022 04:31:15 PM    INFO    client  _send_packet   Sending packet PING data None
07/14/2022 04:31:15 PM    INFO    client  _receive_packet   Received packet PONG data None
07/14/2022 04:31:40 PM    INFO    client  _send_packet   Sending packet PING data None
07/14/2022 04:31:40 PM    INFO    client  _receive_packet   Received packet PONG data None
07/14/2022 04:31:40 PM    INFO    client  _send_packet   Sending packet PING data None
07/14/2022 04:31:40 PM    INFO    client  _receive_packet   Received packet PONG data None
07/14/2022 04:32:05 PM    INFO    client  _send_packet   Sending packet PING data None
07/14/2022 04:32:05 PM    INFO    client  _receive_packet   Received packet PONG data None
07/14/2022 04:32:05 PM    INFO    client  _send_packet   Sending packet PING data None
07/14/2022 04:32:05 PM    INFO    client  _receive_packet   Received packet PONG data None
