07/14/2022 04:27:34 PM    INFO    __init__  _load_stylesheet   QSS file sucessfuly loaded.
07/14/2022 04:27:34 PM    INFO    __init__  _apply_os_patches   Found OS patches to be applied.
07/14/2022 04:27:34 PM    INFO    __init__  _apply_application_patches   Found application patches to be applied.
07/14/2022 04:27:34 PM    INFO    __init__  _load_stylesheet   QSS file sucessfuly loaded.
07/14/2022 04:27:34 PM    INFO    __init__  _apply_os_patches   Found OS patches to be applied.
07/14/2022 04:27:34 PM    INFO    __init__  _apply_application_patches   Found application patches to be applied.
07/14/2022 04:27:34 PM    INFO    __init__  _load_stylesheet   QSS file sucessfuly loaded.
07/14/2022 04:27:34 PM    INFO    __init__  _apply_os_patches   Found OS patches to be applied.
07/14/2022 04:27:34 PM    INFO    __init__  _apply_application_patches   Found application patches to be applied.
07/14/2022 04:27:34 PM    INFO    __init__  _load_stylesheet   QSS file sucessfuly loaded.
07/14/2022 04:27:34 PM    INFO    __init__  _apply_os_patches   Found OS patches to be applied.
07/14/2022 04:27:34 PM    INFO    __init__  _apply_application_patches   Found application patches to be applied.
07/14/2022 04:27:34 PM    INFO    __init__  _load_stylesheet   QSS file sucessfuly loaded.
07/14/2022 04:27:34 PM    INFO    __init__  _apply_os_patches   Found OS patches to be applied.
07/14/2022 04:27:34 PM    INFO    __init__  _apply_application_patches   Found application patches to be applied.
07/14/2022 04:27:34 PM    INFO    __init__  _load_stylesheet   QSS file sucessfuly loaded.
07/14/2022 04:27:34 PM    INFO    __init__  _apply_os_patches   Found OS patches to be applied.
07/14/2022 04:27:34 PM    INFO    __init__  _apply_application_patches   Found application patches to be applied.
07/14/2022 04:27:34 PM    INFO    __init__  _load_stylesheet   QSS file sucessfuly loaded.
07/14/2022 04:27:34 PM    INFO    __init__  _apply_os_patches   Found OS patches to be applied.
07/14/2022 04:27:34 PM    INFO    __init__  _apply_application_patches   Found application patches to be applied.
07/14/2022 04:27:34 PM    INFO    __init__  _load_stylesheet   QSS file sucessfuly loaded.
07/14/2022 04:27:34 PM    INFO    __init__  _apply_os_patches   Found OS patches to be applied.
07/14/2022 04:27:34 PM    INFO    __init__  _apply_application_patches   Found application patches to be applied.
07/14/2022 04:27:34 PM    INFO    __init__  _load_stylesheet   QSS file sucessfuly loaded.
07/14/2022 04:27:34 PM    INFO    __init__  _apply_os_patches   Found OS patches to be applied.
07/14/2022 04:27:34 PM    INFO    __init__  _apply_application_patches   Found application patches to be applied.
07/14/2022 04:27:34 PM    INFO    __init__  _load_stylesheet   QSS file sucessfuly loaded.
07/14/2022 04:27:34 PM    INFO    __init__  _apply_os_patches   Found OS patches to be applied.
07/14/2022 04:27:34 PM    INFO    __init__  _apply_application_patches   Found application patches to be applied.
07/14/2022 04:27:34 PM    INFO    __init__  _load_stylesheet   QSS file sucessfuly loaded.
07/14/2022 04:27:34 PM    INFO    __init__  _apply_os_patches   Found OS patches to be applied.
07/14/2022 04:27:34 PM    INFO    __init__  _apply_application_patches   Found application patches to be applied.
07/14/2022 04:27:34 PM    INFO    __init__  _load_stylesheet   QSS file sucessfuly loaded.
07/14/2022 04:27:34 PM    INFO    __init__  _apply_os_patches   Found OS patches to be applied.
07/14/2022 04:27:34 PM    INFO    __init__  _apply_application_patches   Found application patches to be applied.
07/14/2022 04:27:35 PM    INFO    __init__  _load_stylesheet   QSS file sucessfuly loaded.
07/14/2022 04:27:35 PM    INFO    __init__  _apply_os_patches   Found OS patches to be applied.
07/14/2022 04:27:35 PM    INFO    __init__  _apply_application_patches   Found application patches to be applied.
07/14/2022 04:27:35 PM    INFO    __init__  _load_stylesheet   QSS file sucessfuly loaded.
07/14/2022 04:27:35 PM    INFO    __init__  _apply_os_patches   Found OS patches to be applied.
07/14/2022 04:27:35 PM    INFO    __init__  _apply_application_patches   Found application patches to be applied.
07/14/2022 04:27:35 PM    INFO    __init__  _load_stylesheet   QSS file sucessfuly loaded.
07/14/2022 04:27:35 PM    INFO    __init__  _apply_os_patches   Found OS patches to be applied.
07/14/2022 04:27:35 PM    INFO    __init__  _apply_application_patches   Found application patches to be applied.
07/14/2022 04:27:35 PM    INFO    __init__  _load_stylesheet   QSS file sucessfuly loaded.
07/14/2022 04:27:35 PM    INFO    __init__  _apply_os_patches   Found OS patches to be applied.
07/14/2022 04:27:35 PM    INFO    __init__  _apply_application_patches   Found application patches to be applied.
07/14/2022 04:27:35 PM    INFO    __init__  _load_stylesheet   QSS file sucessfuly loaded.
07/14/2022 04:27:35 PM    INFO    __init__  _apply_os_patches   Found OS patches to be applied.
07/14/2022 04:27:35 PM    INFO    __init__  _apply_application_patches   Found application patches to be applied.
07/14/2022 04:27:35 PM    INFO    __init__  _load_stylesheet   QSS file sucessfuly loaded.
07/14/2022 04:27:35 PM    INFO    __init__  _apply_os_patches   Found OS patches to be applied.
07/14/2022 04:27:35 PM    INFO    __init__  _apply_application_patches   Found application patches to be applied.
07/14/2022 04:27:35 PM    INFO    __init__  _load_stylesheet   QSS file sucessfuly loaded.
07/14/2022 04:27:35 PM    INFO    __init__  _apply_os_patches   Found OS patches to be applied.
07/14/2022 04:27:35 PM    INFO    __init__  _apply_application_patches   Found application patches to be applied.
07/14/2022 04:27:35 PM    INFO    __init__  _load_stylesheet   QSS file sucessfuly loaded.
07/14/2022 04:27:35 PM    INFO    __init__  _apply_os_patches   Found OS patches to be applied.
07/14/2022 04:27:35 PM    INFO    __init__  _apply_application_patches   Found application patches to be applied.
07/14/2022 04:27:35 PM    INFO    __init__  _load_stylesheet   QSS file sucessfuly loaded.
07/14/2022 04:27:35 PM    INFO    __init__  _apply_os_patches   Found OS patches to be applied.
07/14/2022 04:27:35 PM    INFO    __init__  _apply_application_patches   Found application patches to be applied.
07/14/2022 04:27:35 PM    ERROR    configReader  writeURL   name 'cst' is not defined
07/14/2022 04:27:37 PM    INFO    servicesMD  login   {"type":"success","code":"e-response-0010","description":"Provided Valid Credentials","result":{"token":"eyJhbGciOiJIUzI1NiIsInR5cCI6IkpXVCJ9.eyJ1c2VySUQiOiJBMDExOV9lYTE5N2UzMTQ0YjM4MTg5OWM2OTI3IiwicHVibGljS2V5IjoiZWExOTdlMzE0NGIzODE4OTljNjkyNyIsImlhdCI6MTY1Nzc5NjI1NywiZXhwIjoxNjU3ODgyNjU3fQ.wJv1314gS0-XiakV52qaGZDRmZy8MAF296Coo-r99xE","userID":"A0119","appVersion":"4.0.7"}}
07/14/2022 04:27:38 PM    INFO    client  _connect_websocket   Attempting WebSocket connection to ws://192.168.102.22:3000/interactive/socket.io/?token=eyJhbGciOiJIUzI1NiIsInR5cCI6IkpXVCJ9.eyJ1c2VySUQiOiJBMDExOV9CMjcwNDI0RjIyNDdENTJCMDA2ODQwIiwicHVibGljS2V5IjoiYjI3MDQyNGYyMjQ3ZDUyYjAwNjg0MCIsImlhdCI6MTY1Nzc5NjI1OCwiZXhwIjoxNjU3ODgyNjU4fQ.MHnAMUR9b56D9Aus4tTtB7GjUU1Jhql5ffMq-PCtZZw&userID=A0119&apiType=INTERACTIVE&transport=websocket&EIO=3
07/14/2022 04:27:38 PM    ERROR    servicesIA  login   (<class 'NameError'>, NameError("name 'get_Pending' is not defined"), <traceback object at 0x15d64f800>)
07/14/2022 04:27:38 PM    INFO    client  _connect_websocket   WebSocket connection accepted with {'sid': '96ObDRckCscIfEBLAAAC', 'upgrades': [], 'pingInterval': 25000, 'pingTimeout': 5000}
07/14/2022 04:27:38 PM    INFO    client  _handle_eio_connect   Engine.IO connection established
07/14/2022 04:27:38 PM    INFO    client  _send_packet   Sending packet PING data None
07/14/2022 04:27:38 PM    INFO    client  _receive_packet   Received packet MESSAGE data 0
07/14/2022 04:27:38 PM    INFO    client  _handle_connect   Namespace / is connected
07/14/2022 04:27:38 PM    INFO    client  _receive_packet   Received packet MESSAGE data 2["joined","{\"type\":\"success\",\"code\":\"s-socket-0001\",\"description\":\"Socket joined successfully!\"}"]
07/14/2022 04:27:38 PM    INFO    interactiveApi  on_connect   Interactive socket connected successfully!1111111
07/14/2022 04:27:38 PM    INFO    client  _handle_event   Received event "joined" [/]
07/14/2022 04:27:38 PM    INFO    interactiveApi  on_joined   {"type":"success","code":"s-socket-0001","description":"Socket joined successfully!"}
07/14/2022 04:27:38 PM    INFO    client  _connect_websocket   Attempting WebSocket connection to ws://192.168.102.22:3000/marketdata/socket.io/?token=eyJhbGciOiJIUzI1NiIsInR5cCI6IkpXVCJ9.eyJ1c2VySUQiOiJBMDExOV9lYTE5N2UzMTQ0YjM4MTg5OWM2OTI3IiwicHVibGljS2V5IjoiZWExOTdlMzE0NGIzODE4OTljNjkyNyIsImlhdCI6MTY1Nzc5NjI1NywiZXhwIjoxNjU3ODgyNjU3fQ.wJv1314gS0-XiakV52qaGZDRmZy8MAF296Coo-r99xE&userID=A0119&publishFormat=JSON&broadcastMode=Partial&transport=websocket&EIO=3
07/14/2022 04:27:38 PM    INFO    client  _receive_packet   Received packet PONG data None
07/14/2022 04:27:38 PM    INFO    client  _connect_websocket   WebSocket connection accepted with {'sid': 'IrnB-VkIjiNy_SMPAAAC', 'upgrades': [], 'pingInterval': 25000, 'pingTimeout': 5000}
07/14/2022 04:27:38 PM    INFO    client  _handle_eio_connect   Engine.IO connection established
07/14/2022 04:27:38 PM    INFO    client  _send_packet   Sending packet PING data None
07/14/2022 04:27:38 PM    INFO    client  _receive_packet   Received packet MESSAGE data 0
07/14/2022 04:27:38 PM    INFO    client  _handle_connect   Namespace / is connected
07/14/2022 04:27:38 PM    INFO    marketData  on_connect   Market Data Socket connected successfully!
07/14/2022 04:27:38 PM    INFO    client  _receive_packet   Received packet MESSAGE data 2["joined","{\"type\":\"success\",\"code\":\"s-socket-0001\",\"description\":\"Socket joined successfully! SocketId=IrnB-VkIjiNy_SMPAAAC\"}"]
07/14/2022 04:27:38 PM    INFO    client  _handle_event   Received event "joined" [/]
07/14/2022 04:27:38 PM    INFO    marketData  on_join   Market Data Socket join!{"type":"success","code":"s-socket-0001","description":"Socket joined successfully! SocketId=IrnB-VkIjiNy_SMPAAAC"}
07/14/2022 04:27:38 PM    INFO    client  _receive_packet   Received packet PONG data None
07/14/2022 04:27:39 PM    INFO    servicesMD  subscribeToken   {"type":"success","code":"s-session-0001","description":"Instrument subscribed successfully!","result":{"mdp":1501,"quotesList":[{"exchangeSegment":1,"exchangeInstrumentID":26000}],"listQuotes":[],"Remaining_Subscription_Count":9998}}
07/14/2022 04:27:39 PM    INFO    servicesMD  subscribeToken   {"type":"success","code":"s-session-0001","description":"Instrument subscribed successfully!","result":{"mdp":1501,"quotesList":[{"exchangeSegment":1,"exchangeInstrumentID":26001}],"listQuotes":[],"Remaining_Subscription_Count":9997}}
07/14/2022 04:27:39 PM    INFO    servicesMD  subscribeToken   {"type":"success","code":"s-session-0001","description":"Instrument subscribed successfully!","result":{"mdp":1501,"quotesList":[{"exchangeSegment":1,"exchangeInstrumentID":26002}],"listQuotes":[],"Remaining_Subscription_Count":9996}}
07/14/2022 04:28:03 PM    INFO    client  _send_packet   Sending packet PING data None
07/14/2022 04:28:03 PM    INFO    client  _receive_packet   Received packet PONG data None
07/14/2022 04:28:03 PM    INFO    client  _send_packet   Sending packet PING data None
07/14/2022 04:28:03 PM    INFO    client  _receive_packet   Received packet PONG data None
07/14/2022 04:28:28 PM    INFO    client  _send_packet   Sending packet PING data None
07/14/2022 04:28:28 PM    INFO    client  _receive_packet   Received packet PONG data None
07/14/2022 04:28:28 PM    INFO    client  _send_packet   Sending packet PING data None
07/14/2022 04:28:28 PM    INFO    client  _receive_packet   Received packet PONG data None
07/14/2022 04:28:53 PM    INFO    client  _send_packet   Sending packet PING data None
07/14/2022 04:28:53 PM    INFO    client  _receive_packet   Received packet PONG data None
07/14/2022 04:28:53 PM    INFO    client  _send_packet   Sending packet PING data None
07/14/2022 04:28:53 PM    INFO    client  _receive_packet   Received packet PONG data None
07/14/2022 04:29:18 PM    INFO    client  _send_packet   Sending packet PING data None
07/14/2022 04:29:18 PM    INFO    client  _receive_packet   Received packet PONG data None
07/14/2022 04:29:18 PM    INFO    client  _send_packet   Sending packet PING data None
07/14/2022 04:29:18 PM    INFO    client  _receive_packet   Received packet PONG data None
07/14/2022 04:29:43 PM    INFO    client  _send_packet   Sending packet PING data None
07/14/2022 04:29:43 PM    INFO    client  _send_packet   Sending packet PING data None
07/14/2022 04:29:43 PM    INFO    client  _receive_packet   Received packet PONG data None
07/14/2022 04:29:43 PM    INFO    client  _receive_packet   Received packet PONG data None
